tax_zones(5)=> Deleting started
tax_zones(5)=> Deleting related getZoneZones(39)
tax_zones(5)=> Deleted related getZoneZones(39)
tax_zones(5)=> Deleted
tax_class(4)=> Deleting started
tax_class(4)=> Deleting related getTaxRateList(15)
tax_class(4)=> Deleted related getTaxRateList(15)
tax_class(4)=> Deleted
manufacturers(26)=> Deleting started
manufacturers(26)=> Deleting related getInfos(26)
manufacturers(26)=> Deleted related getInfos(26)
manufacturers(26)=> Deleted
manufacturers(27)=> Deleting started
manufacturers(27)=> Deleting related getInfos(27)
manufacturers(27)=> Deleted related getInfos(27)
manufacturers(27)=> Deleted
manufacturers(28)=> Deleting started
manufacturers(28)=> Deleting related getInfos(28)
manufacturers(28)=> Deleted related getInfos(28)
manufacturers(28)=> Deleted
manufacturers(29)=> Deleting started
manufacturers(29)=> Deleting related getInfos(29)
manufacturers(29)=> Deleted related getInfos(29)
manufacturers(29)=> Deleted
manufacturers(30)=> Deleting started
manufacturers(30)=> Deleting related getInfos(30)
manufacturers(30)=> Deleted related getInfos(30)
manufacturers(30)=> Deleted
manufacturers(31)=> Deleting started
manufacturers(31)=> Deleting related getInfos(31)
manufacturers(31)=> Deleted related getInfos(31)
manufacturers(31)=> Deleted
manufacturers(32)=> Deleting started
manufacturers(32)=> Deleting related getInfos(32)
manufacturers(32)=> Deleted related getInfos(32)
manufacturers(32)=> Deleted
manufacturers(33)=> Deleting started
manufacturers(33)=> Deleting related getInfos(33)
manufacturers(33)=> Deleted related getInfos(33)
manufacturers(33)=> Deleted
manufacturers(34)=> Deleting started
manufacturers(34)=> Deleting related getInfos(34)
manufacturers(34)=> Deleted related getInfos(34)
manufacturers(34)=> Deleted
manufacturers(35)=> Deleting started
manufacturers(35)=> Deleting related getInfos(35)
manufacturers(35)=> Deleted related getInfos(35)
manufacturers(35)=> Deleted
categories(25)=> Deleting started
categories(25)=> Deleting related getDescriptions(25)
categories(25)=> Deleted related getDescriptions(25)
categories(25)=> Deleted
categories(26)=> Deleting started
categories(26)=> Deleting related getDescriptions(26)
categories(26)=> Deleted related getDescriptions(26)
categories(26)=> Deleted
categories(27)=> Deleting started
categories(27)=> Deleting related getDescriptions(27)
categories(27)=> Deleted related getDescriptions(27)
categories(27)=> Deleted
categories(28)=> Deleting started
categories(28)=> Deleting related getDescriptions(28)
categories(28)=> Deleted related getDescriptions(28)
categories(28)=> Deleted
categories(29)=> Deleting started
categories(29)=> Deleting related getDescriptions(29)
categories(29)=> Deleted related getDescriptions(29)
categories(29)=> Deleted
categories(30)=> Deleting started
categories(30)=> Deleting related getDescriptions(30)
categories(30)=> Deleted related getDescriptions(30)
categories(30)=> Deleted
categories(31)=> Deleting started
categories(31)=> Deleting related getDescriptions(31)
categories(31)=> Deleted related getDescriptions(31)
categories(31)=> Deleted
categories(32)=> Deleting started
categories(32)=> Deleting related getDescriptions(32)
categories(32)=> Deleted related getDescriptions(32)
categories(32)=> Deleted
categories(33)=> Deleting started
categories(33)=> Deleting related getDescriptions(33)
categories(33)=> Deleted related getDescriptions(33)
categories(33)=> Deleted
categories(34)=> Deleting started
categories(34)=> Deleting related getDescriptions(34)
categories(34)=> Deleted related getDescriptions(34)
categories(34)=> Deleted
categories(35)=> Deleting started
categories(35)=> Deleting related getDescriptions(35)
categories(35)=> Deleted related getDescriptions(35)
categories(35)=> Deleted
categories(36)=> Deleting started
categories(36)=> Deleting related getDescriptions(36)
categories(36)=> Deleted related getDescriptions(36)
categories(36)=> Deleted
categories(37)=> Deleting started
categories(37)=> Deleting related getDescriptions(37)
categories(37)=> Deleted related getDescriptions(37)
categories(37)=> Deleted
categories(38)=> Deleting started
categories(38)=> Deleting related getDescriptions(38)
categories(38)=> Deleted related getDescriptions(38)
categories(38)=> Deleted
categories(39)=> Deleting started
categories(39)=> Deleting related getDescriptions(39)
categories(39)=> Deleted related getDescriptions(39)
categories(39)=> Deleted
categories(40)=> Deleting started
categories(40)=> Deleting related getDescriptions(40)
categories(40)=> Deleted related getDescriptions(40)
categories(40)=> Deleted
categories(41)=> Deleting started
categories(41)=> Deleting related getDescriptions(41)
categories(41)=> Deleted related getDescriptions(41)
categories(41)=> Deleted
categories(42)=> Deleting started
categories(42)=> Deleting related getDescriptions(42)
categories(42)=> Deleted related getDescriptions(42)
categories(42)=> Deleted
categories(43)=> Deleting started
categories(43)=> Deleting related getDescriptions(43)
categories(43)=> Deleted related getDescriptions(43)
categories(43)=> Deleted
categories(44)=> Deleting started
categories(44)=> Deleting related getDescriptions(44)
categories(44)=> Deleted related getDescriptions(44)
categories(44)=> Deleted
categories(45)=> Deleting started
categories(45)=> Deleting related getDescriptions(45)
categories(45)=> Deleted related getDescriptions(45)
categories(45)=> Deleted
products_options(1)=> Deleting started
products_options(1)=> Deleted in custom function: deleted
products_options(2)=> Deleting started
products_options(2)=> Deleted in custom function: deleted
products_options(3)=> Deleting started
products_options(3)=> Deleted in custom function: deleted
products_options(4)=> Deleting started
products_options(4)=> Deleted in custom function: deleted
products_options(5)=> Deleting started
products_options(5)=> Deleted in custom function: deleted
products(95)=> Deleting started
products(95)=> Deleted in custom function: deleted
products(96)=> Deleting started
products(96)=> Deleted in custom function: deleted
products(97)=> Deleting started
products(97)=> Deleted in custom function: deleted
products(98)=> Deleting started
products(98)=> Deleted in custom function: deleted
products(99)=> Deleting started
products(99)=> Deleted in custom function: deleted
products(100)=> Deleting started
products(100)=> Deleted in custom function: deleted
products(101)=> Deleting started
products(101)=> Deleted in custom function: deleted
products(102)=> Deleting started
products(102)=> Deleted in custom function: deleted
products(103)=> Deleting started
products(103)=> Deleted in custom function: deleted
products(104)=> Deleting started
products(104)=> Deleted in custom function: deleted
products(105)=> Deleting started
products(105)=> Deleted in custom function: deleted
products(106)=> Deleting started
products(106)=> Deleted in custom function: deleted
products(107)=> Deleting started
products(107)=> Deleted in custom function: deleted
products(108)=> Deleting started
products(108)=> Deleted in custom function: deleted
products(109)=> Deleting started
products(109)=> Deleted in custom function: deleted
products(110)=> Deleting started
products(110)=> Deleted in custom function: deleted
products(111)=> Deleting started
products(111)=> Deleted in custom function: deleted
products(112)=> Deleting started
products(112)=> Deleted in custom function: deleted
products(113)=> Deleting started
products(113)=> Deleted in custom function: deleted
products(114)=> Deleting started
products(114)=> Deleted in custom function: deleted
products(115)=> Deleting started
products(115)=> Deleted in custom function: deleted
products(116)=> Deleting started
products(116)=> Deleted in custom function: deleted
products(117)=> Deleting started
products(117)=> Deleted in custom function: deleted
products(118)=> Deleting started
products(118)=> Deleted in custom function: deleted
products(119)=> Deleting started
products(119)=> Deleted in custom function: deleted
products(120)=> Deleting started
products(120)=> Deleted in custom function: deleted
products(121)=> Deleting started
products(121)=> Deleted in custom function: deleted
products(122)=> Deleting started
products(122)=> Deleted in custom function: deleted
customers(36)=> Deleting started
customers(36)=> Deleted in custom function: deleted
The entity name was not found: groups.groups_id
{{reviews}}(1)=> Deleting started
{{reviews}}(1)=> ID was not found (probably was deleted before)
orders(183)=> Deleting started
orders(183)=> Deleted in custom function: deleted
Start clean mapped data.
Mapped data was successfully removed!
